<?xml version="1.0" encoding="UTF-8"?>
<testsuite xmlns:xsi="http://www.w3.org/2001/XMLSchema-instance" xsi:noNamespaceSchemaLocation="https://maven.apache.org/surefire/maven-surefire-plugin/xsd/surefire-test-report.xsd" name="selenium.LoginWebPageTest" time="3.646" tests="1" errors="0" skipped="0" failures="0">
  <properties>
    <property name="sun.desktop" value="windows"/>
    <property name="awt.toolkit" value="sun.awt.windows.WToolkit"/>
    <property name="file.encoding.pkg" value="sun.io"/>
    <property name="java.specification.version" value="1.8"/>
    <property name="sun.cpu.isalist" value="pentium_pro+mmx pentium_pro pentium+mmx pentium i486 i386 i86"/>
    <property name="sun.jnu.encoding" value="Cp1252"/>
    <property name="java.class.path" value="D:\Users\Austin\git\Course-Management-System\target\test-classes;D:\Users\Austin\git\Course-Management-System\target\classes;C:\Users\Austin\.m2\repository\io\cucumber\cucumber-java\2.3.1\cucumber-java-2.3.1.jar;C:\Users\Austin\.m2\repository\io\cucumber\cucumber-core\2.3.1\cucumber-core-2.3.1.jar;C:\Users\Austin\.m2\repository\info\cukes\cucumber-html\0.2.6\cucumber-html-0.2.6.jar;C:\Users\Austin\.m2\repository\io\cucumber\cucumber-jvm-deps\1.0.6\cucumber-jvm-deps-1.0.6.jar;C:\Users\Austin\.m2\repository\io\cucumber\gherkin\5.0.0\gherkin-5.0.0.jar;C:\Users\Austin\.m2\repository\io\cucumber\tag-expressions\1.1.1\tag-expressions-1.1.1.jar;C:\Users\Austin\.m2\repository\io\cucumber\cucumber-junit\2.3.1\cucumber-junit-2.3.1.jar;C:\Users\Austin\.m2\repository\junit\junit\4.11\junit-4.11.jar;C:\Users\Austin\.m2\repository\org\hamcrest\hamcrest-core\1.3\hamcrest-core-1.3.jar;C:\Users\Austin\.m2\repository\javax\servlet\javax.servlet-api\3.1.0\javax.servlet-api-3.1.0.jar;C:\Users\Austin\.m2\repository\javax\servlet\jsp-api\2.0\jsp-api-2.0.jar;C:\Users\Austin\.m2\repository\javax\servlet\servlet-api\2.4\servlet-api-2.4.jar;C:\Users\Austin\.m2\repository\javax\servlet\jstl\1.2\jstl-1.2.jar;C:\Users\Austin\.m2\repository\org\mongodb\mongo-java-driver\3.12.7\mongo-java-driver-3.12.7.jar;C:\Users\Austin\.m2\repository\org\seleniumhq\selenium\selenium-java\3.141.59\selenium-java-3.141.59.jar;C:\Users\Austin\.m2\repository\org\seleniumhq\selenium\selenium-api\3.141.59\selenium-api-3.141.59.jar;C:\Users\Austin\.m2\repository\org\seleniumhq\selenium\selenium-chrome-driver\3.141.59\selenium-chrome-driver-3.141.59.jar;C:\Users\Austin\.m2\repository\org\seleniumhq\selenium\selenium-edge-driver\3.141.59\selenium-edge-driver-3.141.59.jar;C:\Users\Austin\.m2\repository\org\seleniumhq\selenium\selenium-firefox-driver\3.141.59\selenium-firefox-driver-3.141.59.jar;C:\Users\Austin\.m2\repository\org\seleniumhq\selenium\selenium-ie-driver\3.141.59\selenium-ie-driver-3.141.59.jar;C:\Users\Austin\.m2\repository\org\seleniumhq\selenium\selenium-opera-driver\3.141.59\selenium-opera-driver-3.141.59.jar;C:\Users\Austin\.m2\repository\org\seleniumhq\selenium\selenium-remote-driver\3.141.59\selenium-remote-driver-3.141.59.jar;C:\Users\Austin\.m2\repository\org\seleniumhq\selenium\selenium-safari-driver\3.141.59\selenium-safari-driver-3.141.59.jar;C:\Users\Austin\.m2\repository\org\seleniumhq\selenium\selenium-support\3.141.59\selenium-support-3.141.59.jar;C:\Users\Austin\.m2\repository\net\bytebuddy\byte-buddy\1.8.15\byte-buddy-1.8.15.jar;C:\Users\Austin\.m2\repository\org\apache\commons\commons-exec\1.3\commons-exec-1.3.jar;C:\Users\Austin\.m2\repository\com\google\guava\guava\25.0-jre\guava-25.0-jre.jar;C:\Users\Austin\.m2\repository\com\google\code\findbugs\jsr305\1.3.9\jsr305-1.3.9.jar;C:\Users\Austin\.m2\repository\org\checkerframework\checker-compat-qual\2.0.0\checker-compat-qual-2.0.0.jar;C:\Users\Austin\.m2\repository\com\google\errorprone\error_prone_annotations\2.1.3\error_prone_annotations-2.1.3.jar;C:\Users\Austin\.m2\repository\com\google\j2objc\j2objc-annotations\1.1\j2objc-annotations-1.1.jar;C:\Users\Austin\.m2\repository\org\codehaus\mojo\animal-sniffer-annotations\1.14\animal-sniffer-annotations-1.14.jar;C:\Users\Austin\.m2\repository\com\squareup\okhttp3\okhttp\3.11.0\okhttp-3.11.0.jar;C:\Users\Austin\.m2\repository\com\squareup\okio\okio\1.14.0\okio-1.14.0.jar;"/>
    <property name="java.vm.vendor" value="Oracle Corporation"/>
    <property name="sun.arch.data.model" value="32"/>
    <property name="user.variant" value=""/>
    <property name="java.vendor.url" value="http://java.oracle.com/"/>
    <property name="user.timezone" value="America/New_York"/>
    <property name="java.vm.specification.version" value="1.8"/>
    <property name="os.name" value="Windows 10"/>
    <property name="user.country" value="CA"/>
    <property name="sun.java.launcher" value="SUN_STANDARD"/>
    <property name="sun.boot.library.path" value="D:\Programming\Java\jdk1.8.0_192\jre\bin"/>
    <property name="sun.java.command" value="C:\Users\Austin\AppData\Local\Temp\surefire2364456754903691125\surefirebooter5031328315896616126.jar C:\Users\Austin\AppData\Local\Temp\surefire2364456754903691125 2020-12-13T11-10-32_975-jvmRun1 surefire1033278962009367877tmp surefire_08147269669606090849tmp"/>
    <property name="surefire.test.class.path" value="D:\Users\Austin\git\Course-Management-System\target\test-classes;D:\Users\Austin\git\Course-Management-System\target\classes;C:\Users\Austin\.m2\repository\io\cucumber\cucumber-java\2.3.1\cucumber-java-2.3.1.jar;C:\Users\Austin\.m2\repository\io\cucumber\cucumber-core\2.3.1\cucumber-core-2.3.1.jar;C:\Users\Austin\.m2\repository\info\cukes\cucumber-html\0.2.6\cucumber-html-0.2.6.jar;C:\Users\Austin\.m2\repository\io\cucumber\cucumber-jvm-deps\1.0.6\cucumber-jvm-deps-1.0.6.jar;C:\Users\Austin\.m2\repository\io\cucumber\gherkin\5.0.0\gherkin-5.0.0.jar;C:\Users\Austin\.m2\repository\io\cucumber\tag-expressions\1.1.1\tag-expressions-1.1.1.jar;C:\Users\Austin\.m2\repository\io\cucumber\cucumber-junit\2.3.1\cucumber-junit-2.3.1.jar;C:\Users\Austin\.m2\repository\junit\junit\4.11\junit-4.11.jar;C:\Users\Austin\.m2\repository\org\hamcrest\hamcrest-core\1.3\hamcrest-core-1.3.jar;C:\Users\Austin\.m2\repository\javax\servlet\javax.servlet-api\3.1.0\javax.servlet-api-3.1.0.jar;C:\Users\Austin\.m2\repository\javax\servlet\jsp-api\2.0\jsp-api-2.0.jar;C:\Users\Austin\.m2\repository\javax\servlet\servlet-api\2.4\servlet-api-2.4.jar;C:\Users\Austin\.m2\repository\javax\servlet\jstl\1.2\jstl-1.2.jar;C:\Users\Austin\.m2\repository\org\mongodb\mongo-java-driver\3.12.7\mongo-java-driver-3.12.7.jar;C:\Users\Austin\.m2\repository\org\seleniumhq\selenium\selenium-java\3.141.59\selenium-java-3.141.59.jar;C:\Users\Austin\.m2\repository\org\seleniumhq\selenium\selenium-api\3.141.59\selenium-api-3.141.59.jar;C:\Users\Austin\.m2\repository\org\seleniumhq\selenium\selenium-chrome-driver\3.141.59\selenium-chrome-driver-3.141.59.jar;C:\Users\Austin\.m2\repository\org\seleniumhq\selenium\selenium-edge-driver\3.141.59\selenium-edge-driver-3.141.59.jar;C:\Users\Austin\.m2\repository\org\seleniumhq\selenium\selenium-firefox-driver\3.141.59\selenium-firefox-driver-3.141.59.jar;C:\Users\Austin\.m2\repository\org\seleniumhq\selenium\selenium-ie-driver\3.141.59\selenium-ie-driver-3.141.59.jar;C:\Users\Austin\.m2\repository\org\seleniumhq\selenium\selenium-opera-driver\3.141.59\selenium-opera-driver-3.141.59.jar;C:\Users\Austin\.m2\repository\org\seleniumhq\selenium\selenium-remote-driver\3.141.59\selenium-remote-driver-3.141.59.jar;C:\Users\Austin\.m2\repository\org\seleniumhq\selenium\selenium-safari-driver\3.141.59\selenium-safari-driver-3.141.59.jar;C:\Users\Austin\.m2\repository\org\seleniumhq\selenium\selenium-support\3.141.59\selenium-support-3.141.59.jar;C:\Users\Austin\.m2\repository\net\bytebuddy\byte-buddy\1.8.15\byte-buddy-1.8.15.jar;C:\Users\Austin\.m2\repository\org\apache\commons\commons-exec\1.3\commons-exec-1.3.jar;C:\Users\Austin\.m2\repository\com\google\guava\guava\25.0-jre\guava-25.0-jre.jar;C:\Users\Austin\.m2\repository\com\google\code\findbugs\jsr305\1.3.9\jsr305-1.3.9.jar;C:\Users\Austin\.m2\repository\org\checkerframework\checker-compat-qual\2.0.0\checker-compat-qual-2.0.0.jar;C:\Users\Austin\.m2\repository\com\google\errorprone\error_prone_annotations\2.1.3\error_prone_annotations-2.1.3.jar;C:\Users\Austin\.m2\repository\com\google\j2objc\j2objc-annotations\1.1\j2objc-annotations-1.1.jar;C:\Users\Austin\.m2\repository\org\codehaus\mojo\animal-sniffer-annotations\1.14\animal-sniffer-annotations-1.14.jar;C:\Users\Austin\.m2\repository\com\squareup\okhttp3\okhttp\3.11.0\okhttp-3.11.0.jar;C:\Users\Austin\.m2\repository\com\squareup\okio\okio\1.14.0\okio-1.14.0.jar;"/>
    <property name="sun.cpu.endian" value="little"/>
    <property name="user.home" value="C:\Users\Austin"/>
    <property name="user.language" value="en"/>
    <property name="java.specification.vendor" value="Oracle Corporation"/>
    <property name="java.home" value="D:\Programming\Java\jdk1.8.0_192\jre"/>
    <property name="basedir" value="D:\Users\Austin\git\Course-Management-System"/>
    <property name="file.separator" value="\"/>
    <property name="line.separator" value="&#10;"/>
    <property name="java.vm.specification.vendor" value="Oracle Corporation"/>
    <property name="java.specification.name" value="Java Platform API Specification"/>
    <property name="java.awt.graphicsenv" value="sun.awt.Win32GraphicsEnvironment"/>
    <property name="surefire.real.class.path" value="C:\Users\Austin\AppData\Local\Temp\surefire2364456754903691125\surefirebooter5031328315896616126.jar"/>
    <property name="sun.boot.class.path" value="D:\Programming\Java\jdk1.8.0_192\jre\lib\resources.jar;D:\Programming\Java\jdk1.8.0_192\jre\lib\rt.jar;D:\Programming\Java\jdk1.8.0_192\jre\lib\sunrsasign.jar;D:\Programming\Java\jdk1.8.0_192\jre\lib\jsse.jar;D:\Programming\Java\jdk1.8.0_192\jre\lib\jce.jar;D:\Programming\Java\jdk1.8.0_192\jre\lib\charsets.jar;D:\Programming\Java\jdk1.8.0_192\jre\lib\jfr.jar;D:\Programming\Java\jdk1.8.0_192\jre\classes"/>
    <property name="user.script" value=""/>
    <property name="sun.management.compiler" value="HotSpot Client Compiler"/>
    <property name="java.runtime.version" value="1.8.0_192-b12"/>
    <property name="user.name" value="Austin"/>
    <property name="path.separator" value=";"/>
    <property name="os.version" value="10.0"/>
    <property name="java.endorsed.dirs" value="D:\Programming\Java\jdk1.8.0_192\jre\lib\endorsed"/>
    <property name="java.runtime.name" value="Java(TM) SE Runtime Environment"/>
    <property name="file.encoding" value="Cp1252"/>
    <property name="java.vm.name" value="Java HotSpot(TM) Client VM"/>
    <property name="localRepository" value="C:\Users\Austin\.m2\repository"/>
    <property name="java.vendor.url.bug" value="http://bugreport.sun.com/bugreport/"/>
    <property name="java.io.tmpdir" value="C:\Users\Austin\AppData\Local\Temp\"/>
    <property name="java.version" value="1.8.0_192"/>
    <property name="user.dir" value="D:\Users\Austin\git\Course-Management-System"/>
    <property name="os.arch" value="x86"/>
    <property name="java.vm.specification.name" value="Java Virtual Machine Specification"/>
    <property name="java.awt.printerjob" value="sun.awt.windows.WPrinterJob"/>
    <property name="sun.os.patch.level" value=""/>
    <property name="java.library.path" value="D:\Programming\Java\jdk1.8.0_192\jre\bin;C:\WINDOWS\Sun\Java\bin;C:\WINDOWS\system32;C:\WINDOWS;C:\Program Files\Common Files\Oracle\Java\javapath;D:\Programming\Java\jdk1.8.0_192;D:\Programming\Java\jdk-11.0.1\bin;D:\Users\Austin\AppData\Local\Android\Sdk\platform-tools;C:\Program Files (x86)\Common Files\Oracle\Java\javapath;C:\Program Files\Haskell\bin;D:\Program Files (x86)\Common Files\Oracle\Java\javapath;C:\sqlite3\sqlite-tools-win32-x86-3250100;D:\Programming\Python;C:\Program Files (x86)\NVIDIA Corporation\PhysX\Common;C:\Program Files\NVIDIA Corporation\NVIDIA NvDLISR;D:\Program Files\Git\cmd;C:\Users\Austin\AppData\Local\Android\Sdk;D:\Program Files (x86)\Yarn\bin\;C:\ProgramData\chocolatey\bin;D:\Programming\Node\;C:\windows\system32;C:\WINDOWS\system32;C:\WINDOWS;C:\WINDOWS\System32\Wbem;C:\WINDOWS\System32\WindowsPowerShell\v1.0\;C:\WINDOWS\System32\OpenSSH\;D:\Users\Austin\apache-maven-3.6.3-bin\apache-maven-3.6.3\bin;C:\Users\Austin\AppData\Roaming\cabal\bin;D:\Users\Austin\AppData\Roaming\local\bin;D:\Programming\Python\Scripts\;D:\Programming\Python\;C:\Users\Austin\AppData\Local\Programs\Python\Launcher\;D:\Users\Austin\AppData\Local\Programs\Microsoft VS Code\bin;C:\Users\Austin\AppData\Local\Yarn\bin;C:\Users\Austin\AppData\Roaming\npm;C:\Users\Austin\AppData\Local\Microsoft\WindowsApps;C:\Users\Austin\AppData\Local\atom\bin;C:\Users\Austin\AppData\Local\GitHubDesktop\bin;."/>
    <property name="java.vm.info" value="mixed mode"/>
    <property name="java.vendor" value="Oracle Corporation"/>
    <property name="java.vm.version" value="25.192-b12"/>
    <property name="java.ext.dirs" value="D:\Programming\Java\jdk1.8.0_192\jre\lib\ext;C:\WINDOWS\Sun\Java\lib\ext"/>
    <property name="sun.io.unicode.encoding" value="UnicodeLittle"/>
    <property name="java.class.version" value="52.0"/>
  </properties>
  <testcase name="test" classname="selenium.LoginWebPageTest" time="3.644"/>
</testsuite>